{"total": {"lines":{"total":2249,"covered":1638,"skipped":0,"pct":72.83},"statements":{"total":2453,"covered":1733,"skipped":0,"pct":70.64},"functions":{"total":681,"covered":447,"skipped":0,"pct":65.63},"branches":{"total":1742,"covered":1152,"skipped":0,"pct":66.13},"branchesTrue":{"total":0,"covered":0,"skipped":0,"pct":100}}
,"/home/user/Quasar/src/App.css": {"lines":{"total":0,"covered":0,"skipped":0,"pct":100},"functions":{"total":0,"covered":0,"skipped":0,"pct":100},"statements":{"total":0,"covered":0,"skipped":0,"pct":100},"branches":{"total":0,"covered":0,"skipped":0,"pct":100}}
,"/home/user/Quasar/src/App.tsx": {"lines":{"total":1,"covered":1,"skipped":0,"pct":100},"functions":{"total":1,"covered":1,"skipped":0,"pct":100},"statements":{"total":1,"covered":1,"skipped":0,"pct":100},"branches":{"total":0,"covered":0,"skipped":0,"pct":100}}
,"/home/user/Quasar/src/assets/quasar-logo.svg": {"lines":{"total":0,"covered":0,"skipped":0,"pct":100},"functions":{"total":0,"covered":0,"skipped":0,"pct":100},"statements":{"total":0,"covered":0,"skipped":0,"pct":100},"branches":{"total":0,"covered":0,"skipped":0,"pct":100}}
,"/home/user/Quasar/src/components/AIAssistant.tsx": {"lines":{"total":85,"covered":73,"skipped":0,"pct":85.88},"functions":{"total":22,"covered":19,"skipped":0,"pct":86.36},"statements":{"total":95,"covered":80,"skipped":0,"pct":84.21},"branches":{"total":72,"covered":54,"skipped":0,"pct":75}}
,"/home/user/Quasar/src/components/AddHostDialog.tsx": {"lines":{"total":30,"covered":27,"skipped":0,"pct":90},"functions":{"total":8,"covered":7,"skipped":0,"pct":87.5},"statements":{"total":30,"covered":27,"skipped":0,"pct":90},"branches":{"total":26,"covered":26,"skipped":0,"pct":100}}
,"/home/user/Quasar/src/components/CredentialPrompt.tsx": {"lines":{"total":15,"covered":15,"skipped":0,"pct":100},"functions":{"total":6,"covered":6,"skipped":0,"pct":100},"statements":{"total":15,"covered":15,"skipped":0,"pct":100},"branches":{"total":22,"covered":22,"skipped":0,"pct":100}}
,"/home/user/Quasar/src/components/Discovery.tsx": {"lines":{"total":65,"covered":51,"skipped":0,"pct":78.46},"functions":{"total":20,"covered":14,"skipped":0,"pct":70},"statements":{"total":72,"covered":55,"skipped":0,"pct":76.38},"branches":{"total":24,"covered":13,"skipped":0,"pct":54.16}}
,"/home/user/Quasar/src/components/ErrorBoundary.tsx": {"lines":{"total":8,"covered":8,"skipped":0,"pct":100},"functions":{"total":5,"covered":5,"skipped":0,"pct":100},"statements":{"total":8,"covered":8,"skipped":0,"pct":100},"branches":{"total":2,"covered":2,"skipped":0,"pct":100}}
,"/home/user/Quasar/src/components/HealthCheckBadge.tsx": {"lines":{"total":18,"covered":17,"skipped":0,"pct":94.44},"functions":{"total":2,"covered":2,"skipped":0,"pct":100},"statements":{"total":18,"covered":17,"skipped":0,"pct":94.44},"branches":{"total":15,"covered":14,"skipped":0,"pct":93.33}}
,"/home/user/Quasar/src/components/HostDetailDialog.tsx": {"lines":{"total":41,"covered":26,"skipped":0,"pct":63.41},"functions":{"total":19,"covered":11,"skipped":0,"pct":57.89},"statements":{"total":43,"covered":27,"skipped":0,"pct":62.79},"branches":{"total":59,"covered":47,"skipped":0,"pct":79.66}}
,"/home/user/Quasar/src/components/HostList.tsx": {"lines":{"total":70,"covered":63,"skipped":0,"pct":90},"functions":{"total":20,"covered":20,"skipped":0,"pct":100},"statements":{"total":74,"covered":66,"skipped":0,"pct":89.18},"branches":{"total":46,"covered":38,"skipped":0,"pct":82.6}}
,"/home/user/Quasar/src/components/Layout.tsx": {"lines":{"total":3,"covered":3,"skipped":0,"pct":100},"functions":{"total":1,"covered":1,"skipped":0,"pct":100},"statements":{"total":3,"covered":3,"skipped":0,"pct":100},"branches":{"total":14,"covered":9,"skipped":0,"pct":64.28}}
,"/home/user/Quasar/src/components/MonitoringView.tsx": {"lines":{"total":74,"covered":52,"skipped":0,"pct":70.27},"functions":{"total":27,"covered":13,"skipped":0,"pct":48.14},"statements":{"total":85,"covered":55,"skipped":0,"pct":64.7},"branches":{"total":83,"covered":36,"skipped":0,"pct":43.37}}
,"/home/user/Quasar/src/components/NetworkScanner.tsx": {"lines":{"total":92,"covered":62,"skipped":0,"pct":67.39},"functions":{"total":23,"covered":14,"skipped":0,"pct":60.86},"statements":{"total":100,"covered":69,"skipped":0,"pct":69},"branches":{"total":65,"covered":43,"skipped":0,"pct":66.15}}
,"/home/user/Quasar/src/components/NetworkTopologyView.tsx": {"lines":{"total":67,"covered":65,"skipped":0,"pct":97.01},"functions":{"total":19,"covered":18,"skipped":0,"pct":94.73},"statements":{"total":72,"covered":69,"skipped":0,"pct":95.83},"branches":{"total":55,"covered":38,"skipped":0,"pct":69.09}}
,"/home/user/Quasar/src/components/PreflightDialog.tsx": {"lines":{"total":23,"covered":21,"skipped":0,"pct":91.3},"functions":{"total":5,"covered":5,"skipped":0,"pct":100},"statements":{"total":26,"covered":22,"skipped":0,"pct":84.61},"branches":{"total":26,"covered":19,"skipped":0,"pct":73.07}}
,"/home/user/Quasar/src/components/RemoteManager.tsx": {"lines":{"total":167,"covered":73,"skipped":0,"pct":43.71},"functions":{"total":36,"covered":12,"skipped":0,"pct":33.33},"statements":{"total":180,"covered":75,"skipped":0,"pct":41.66},"branches":{"total":78,"covered":21,"skipped":0,"pct":26.92}}
,"/home/user/Quasar/src/components/ScheduledTasksView.tsx": {"lines":{"total":117,"covered":55,"skipped":0,"pct":47},"functions":{"total":43,"covered":17,"skipped":0,"pct":39.53},"statements":{"total":133,"covered":61,"skipped":0,"pct":45.86},"branches":{"total":148,"covered":39,"skipped":0,"pct":26.35}}
,"/home/user/Quasar/src/components/SessionContainer.tsx": {"lines":{"total":13,"covered":8,"skipped":0,"pct":61.53},"functions":{"total":6,"covered":3,"skipped":0,"pct":50},"statements":{"total":13,"covered":8,"skipped":0,"pct":61.53},"branches":{"total":30,"covered":28,"skipped":0,"pct":93.33}}
,"/home/user/Quasar/src/components/SessionToolbar.tsx": {"lines":{"total":2,"covered":2,"skipped":0,"pct":100},"functions":{"total":1,"covered":1,"skipped":0,"pct":100},"statements":{"total":2,"covered":2,"skipped":0,"pct":100},"branches":{"total":14,"covered":12,"skipped":0,"pct":85.71}}
,"/home/user/Quasar/src/components/SettingsView.tsx": {"lines":{"total":132,"covered":76,"skipped":0,"pct":57.57},"functions":{"total":32,"covered":16,"skipped":0,"pct":50},"statements":{"total":139,"covered":77,"skipped":0,"pct":55.39},"branches":{"total":66,"covered":37,"skipped":0,"pct":56.06}}
,"/home/user/Quasar/src/components/Sidebar.tsx": {"lines":{"total":7,"covered":7,"skipped":0,"pct":100},"functions":{"total":3,"covered":3,"skipped":0,"pct":100},"statements":{"total":7,"covered":7,"skipped":0,"pct":100},"branches":{"total":12,"covered":9,"skipped":0,"pct":75}}
,"/home/user/Quasar/src/components/SshFileManager.tsx": {"lines":{"total":89,"covered":47,"skipped":0,"pct":52.8},"functions":{"total":18,"covered":9,"skipped":0,"pct":50},"statements":{"total":99,"covered":49,"skipped":0,"pct":49.49},"branches":{"total":87,"covered":43,"skipped":0,"pct":49.42}}
,"/home/user/Quasar/src/components/SshTunnelsView.tsx": {"lines":{"total":48,"covered":31,"skipped":0,"pct":64.58},"functions":{"total":26,"covered":12,"skipped":0,"pct":46.15},"statements":{"total":60,"covered":33,"skipped":0,"pct":55},"branches":{"total":28,"covered":15,"skipped":0,"pct":53.57}}
,"/home/user/Quasar/src/components/TailscalePeers.tsx": {"lines":{"total":24,"covered":22,"skipped":0,"pct":91.66},"functions":{"total":8,"covered":7,"skipped":0,"pct":87.5},"statements":{"total":25,"covered":23,"skipped":0,"pct":92},"branches":{"total":38,"covered":35,"skipped":0,"pct":92.1}}
,"/home/user/Quasar/src/components/TerminalComponent.tsx": {"lines":{"total":98,"covered":45,"skipped":0,"pct":45.91},"functions":{"total":20,"covered":6,"skipped":0,"pct":30},"statements":{"total":105,"covered":46,"skipped":0,"pct":43.8},"branches":{"total":52,"covered":12,"skipped":0,"pct":23.07}}
,"/home/user/Quasar/src/components/TopBar.tsx": {"lines":{"total":3,"covered":3,"skipped":0,"pct":100},"functions":{"total":1,"covered":1,"skipped":0,"pct":100},"statements":{"total":3,"covered":3,"skipped":0,"pct":100},"branches":{"total":0,"covered":0,"skipped":0,"pct":100}}
,"/home/user/Quasar/src/components/UpdateBanner.tsx": {"lines":{"total":7,"covered":7,"skipped":0,"pct":100},"functions":{"total":2,"covered":2,"skipped":0,"pct":100},"statements":{"total":7,"covered":7,"skipped":0,"pct":100},"branches":{"total":10,"covered":10,"skipped":0,"pct":100}}
,"/home/user/Quasar/src/components/dashboard/AlertFeed.tsx": {"lines":{"total":39,"covered":30,"skipped":0,"pct":76.92},"functions":{"total":26,"covered":18,"skipped":0,"pct":69.23},"statements":{"total":52,"covered":36,"skipped":0,"pct":69.23},"branches":{"total":38,"covered":24,"skipped":0,"pct":63.15}}
,"/home/user/Quasar/src/components/dashboard/AlertRules.tsx": {"lines":{"total":51,"covered":32,"skipped":0,"pct":62.74},"functions":{"total":31,"covered":13,"skipped":0,"pct":41.93},"statements":{"total":69,"covered":37,"skipped":0,"pct":53.62},"branches":{"total":29,"covered":16,"skipped":0,"pct":55.17}}
,"/home/user/Quasar/src/components/dashboard/DashboardView.tsx": {"lines":{"total":52,"covered":22,"skipped":0,"pct":42.3},"functions":{"total":22,"covered":6,"skipped":0,"pct":27.27},"statements":{"total":60,"covered":24,"skipped":0,"pct":40},"branches":{"total":40,"covered":10,"skipped":0,"pct":25}}
,"/home/user/Quasar/src/components/dashboard/DiscoveryWidget.tsx": {"lines":{"total":5,"covered":5,"skipped":0,"pct":100},"functions":{"total":3,"covered":3,"skipped":0,"pct":100},"statements":{"total":5,"covered":5,"skipped":0,"pct":100},"branches":{"total":10,"covered":10,"skipped":0,"pct":100}}
,"/home/user/Quasar/src/components/dashboard/MetricChartCard.tsx": {"lines":{"total":3,"covered":3,"skipped":0,"pct":100},"functions":{"total":1,"covered":1,"skipped":0,"pct":100},"statements":{"total":3,"covered":3,"skipped":0,"pct":100},"branches":{"total":1,"covered":1,"skipped":0,"pct":100}}
,"/home/user/Quasar/src/components/dashboard/NetworkMapWidget.tsx": {"lines":{"total":10,"covered":9,"skipped":0,"pct":90},"functions":{"total":5,"covered":5,"skipped":0,"pct":100},"statements":{"total":12,"covered":11,"skipped":0,"pct":91.66},"branches":{"total":18,"covered":17,"skipped":0,"pct":94.44}}
,"/home/user/Quasar/src/components/dashboard/QuickConnectWidget.tsx": {"lines":{"total":30,"covered":28,"skipped":0,"pct":93.33},"functions":{"total":10,"covered":10,"skipped":0,"pct":100},"statements":{"total":30,"covered":28,"skipped":0,"pct":93.33},"branches":{"total":19,"covered":18,"skipped":0,"pct":94.73}}
,"/home/user/Quasar/src/components/dashboard/SystemHealthWidget.tsx": {"lines":{"total":42,"covered":41,"skipped":0,"pct":97.61},"functions":{"total":21,"covered":21,"skipped":0,"pct":100},"statements":{"total":52,"covered":51,"skipped":0,"pct":98.07},"branches":{"total":59,"covered":53,"skipped":0,"pct":89.83}}
,"/home/user/Quasar/src/components/vault/AuditLogViewer.tsx": {"lines":{"total":53,"covered":50,"skipped":0,"pct":94.33},"functions":{"total":17,"covered":17,"skipped":0,"pct":100},"statements":{"total":55,"covered":52,"skipped":0,"pct":94.54},"branches":{"total":40,"covered":36,"skipped":0,"pct":90}}
,"/home/user/Quasar/src/components/vault/CredentialManager.tsx": {"lines":{"total":151,"covered":110,"skipped":0,"pct":72.84},"functions":{"total":43,"covered":25,"skipped":0,"pct":58.13},"statements":{"total":154,"covered":111,"skipped":0,"pct":72.07},"branches":{"total":126,"covered":101,"skipped":0,"pct":80.15}}
,"/home/user/Quasar/src/components/vault/CredentialSelector.tsx": {"lines":{"total":33,"covered":32,"skipped":0,"pct":96.96},"functions":{"total":10,"covered":10,"skipped":0,"pct":100},"statements":{"total":34,"covered":33,"skipped":0,"pct":97.05},"branches":{"total":25,"covered":24,"skipped":0,"pct":96}}
,"/home/user/Quasar/src/components/vault/KnownHostsManager.tsx": {"lines":{"total":47,"covered":42,"skipped":0,"pct":89.36},"functions":{"total":13,"covered":12,"skipped":0,"pct":92.3},"statements":{"total":47,"covered":42,"skipped":0,"pct":89.36},"branches":{"total":28,"covered":25,"skipped":0,"pct":89.28}}
,"/home/user/Quasar/src/components/vault/SecurityView.tsx": {"lines":{"total":12,"covered":11,"skipped":0,"pct":91.66},"functions":{"total":5,"covered":5,"skipped":0,"pct":100},"statements":{"total":12,"covered":11,"skipped":0,"pct":91.66},"branches":{"total":10,"covered":9,"skipped":0,"pct":90}}
,"/home/user/Quasar/src/components/vault/SshHostKeyPrompt.tsx": {"lines":{"total":10,"covered":10,"skipped":0,"pct":100},"functions":{"total":5,"covered":4,"skipped":0,"pct":80},"statements":{"total":11,"covered":10,"skipped":0,"pct":90.9},"branches":{"total":22,"covered":22,"skipped":0,"pct":100}}
,"/home/user/Quasar/src/components/vault/VaultInitDialog.tsx": {"lines":{"total":56,"covered":54,"skipped":0,"pct":96.42},"functions":{"total":8,"covered":6,"skipped":0,"pct":75},"statements":{"total":64,"covered":62,"skipped":0,"pct":96.87},"branches":{"total":42,"covered":38,"skipped":0,"pct":90.47}}
,"/home/user/Quasar/src/components/vault/VaultProvider.tsx": {"lines":{"total":77,"covered":54,"skipped":0,"pct":70.12},"functions":{"total":17,"covered":10,"skipped":0,"pct":58.82},"statements":{"total":78,"covered":54,"skipped":0,"pct":69.23},"branches":{"total":48,"covered":32,"skipped":0,"pct":66.66}}
,"/home/user/Quasar/src/components/vault/VaultSettings.tsx": {"lines":{"total":72,"covered":61,"skipped":0,"pct":84.72},"functions":{"total":16,"covered":10,"skipped":0,"pct":62.5},"statements":{"total":75,"covered":61,"skipped":0,"pct":81.33},"branches":{"total":25,"covered":22,"skipped":0,"pct":88}}
,"/home/user/Quasar/src/components/vault/VaultUnlockDialog.tsx": {"lines":{"total":24,"covered":24,"skipped":0,"pct":100},"functions":{"total":4,"covered":4,"skipped":0,"pct":100},"statements":{"total":24,"covered":24,"skipped":0,"pct":100},"branches":{"total":14,"covered":14,"skipped":0,"pct":100}}
,"/home/user/Quasar/src/hooks/useSshHostKeyVerification.ts": {"lines":{"total":65,"covered":45,"skipped":0,"pct":69.23},"functions":{"total":22,"covered":15,"skipped":0,"pct":68.18},"statements":{"total":69,"covered":48,"skipped":0,"pct":69.56},"branches":{"total":28,"covered":16,"skipped":0,"pct":57.14}}
,"/home/user/Quasar/src/hooks/useTailscaleStatus.ts": {"lines":{"total":44,"covered":41,"skipped":0,"pct":93.18},"functions":{"total":13,"covered":12,"skipped":0,"pct":92.3},"statements":{"total":49,"covered":45,"skipped":0,"pct":91.83},"branches":{"total":18,"covered":16,"skipped":0,"pct":88.88}}
,"/home/user/Quasar/src/hooks/useUpdater.ts": {"lines":{"total":43,"covered":43,"skipped":0,"pct":100},"functions":{"total":5,"covered":5,"skipped":0,"pct":100},"statements":{"total":46,"covered":43,"skipped":0,"pct":93.47},"branches":{"total":12,"covered":9,"skipped":0,"pct":75}}
,"/home/user/Quasar/src/hooks/useViewVisibility.tsx": {"lines":{"total":25,"covered":25,"skipped":0,"pct":100},"functions":{"total":8,"covered":8,"skipped":0,"pct":100},"statements":{"total":29,"covered":29,"skipped":0,"pct":100},"branches":{"total":7,"covered":6,"skipped":0,"pct":85.71}}
,"/home/user/Quasar/src/lib/utils.ts": {"lines":{"total":6,"covered":6,"skipped":0,"pct":100},"functions":{"total":2,"covered":2,"skipped":0,"pct":100},"statements":{"total":8,"covered":8,"skipped":0,"pct":100},"branches":{"total":11,"covered":11,"skipped":0,"pct":100}}
}
